<?xml version="1.0" encoding="UTF-8"?>
<testng-results skipped="0" failed="0" ignored="0" total="1" passed="1">
  <reporter-output>
    <line>
      <![CDATA[hiiii]]>
    </line>
  </reporter-output>
  <suite name="Default suite" duration-ms="63" started-at="2020-12-31T09:20:08Z" finished-at="2020-12-31T09:20:08Z">
    <groups>
    </groups>
    <test name="Default test" duration-ms="63" started-at="2020-12-31T09:20:08Z" finished-at="2020-12-31T09:20:08Z">
      <class name="Com_TimeT_Tests.Demo">
        <test-method status="PASS" signature="demo()[pri:0, instance:Com_TimeT_Tests.Demo@39aeed2f]" name="demo" duration-ms="16" started-at="2020-12-31T09:20:08Z" finished-at="2020-12-31T09:20:08Z">
          <reporter-output>
            <line>
              <![CDATA[hiiii]]>
            </line>
          </reporter-output>
        </test-method> <!-- demo -->
      </class> <!-- Com_TimeT_Tests.Demo -->
    </test> <!-- Default test -->
  </suite> <!-- Default suite -->
</testng-results>
